[debug] [2021-02-12T11:43:29.667Z] ----------------------------------------------------------------------
[debug] [2021-02-12T11:43:29.669Z] Command:       /Users/vaskotraikovski/.fnm/node-versions/v14.15.4/installation/bin/node /var/folders/8x/38fnq27d3xsgk82scrrmqkj40000gn/T/fnm-shell-178360/bin/firebase init
[debug] [2021-02-12T11:43:29.670Z] CLI Version:   9.3.0
[debug] [2021-02-12T11:43:29.670Z] Platform:      darwin
[debug] [2021-02-12T11:43:29.670Z] Node Version:  v14.15.4
[debug] [2021-02-12T11:43:29.671Z] Time:          Fri Feb 12 2021 22:43:29 GMT+1100 (Australian Eastern Daylight Time)
[debug] [2021-02-12T11:43:29.671Z] ----------------------------------------------------------------------
[debug] [2021-02-12T11:43:29.671Z] 
[debug] [2021-02-12T11:43:29.677Z] > command requires scopes: ["email","openid","https://www.googleapis.com/auth/cloudplatformprojects.readonly","https://www.googleapis.com/auth/firebase","https://www.googleapis.com/auth/cloud-platform"]
[debug] [2021-02-12T11:43:29.678Z] > authorizing via signed-in user
[info] 
     ######## #### ########  ######## ########     ###     ######  ########
     ##        ##  ##     ## ##       ##     ##  ##   ##  ##       ##
     ######    ##  ########  ######   ########  #########  ######  ######
     ##        ##  ##    ##  ##       ##     ## ##     ##       ## ##
     ##       #### ##     ## ######## ########  ##     ##  ######  ########

You're about to initialize a Firebase project in this directory:

  /Users/vaskotraikovski/projects/medium/2021-02_Build-a-todo-app-using-firebase-react_typescript/todo-firebase2/todo-fb2

[info] 
=== Project Setup
[info] 
[info] First, let's associate this project directory with a Firebase project.
[info] You can create multiple project aliases by running firebase use --add, 
[info] but for now we'll just set up a default project.
[info] 
[debug] [2021-02-12T11:44:07.313Z] >>> [apiv2][query] GET https://firebase.googleapis.com/v1beta1/projects pageSize=100
[debug] [2021-02-12T11:44:07.990Z] <<< [apiv2][status] GET https://firebase.googleapis.com/v1beta1/projects 200
[debug] [2021-02-12T11:44:07.991Z] <<< [apiv2][body] GET https://firebase.googleapis.com/v1beta1/projects [omitted]
[info] i  Using project todo-2-764d7 (todo-2) 
[info] 
=== Hosting Setup
[info] 
[info] Your public directory is the folder (relative to your project directory) that
[info] will contain Hosting assets to be uploaded with firebase deploy. If you
[info] have a build process for your assets, use your build's output directory.
[info] 
[debug] [2021-02-12T11:45:06.090Z] >>> [apiv2][query] GET https://www.gstatic.com/firebasejs/releases.json [none]
[debug] [2021-02-12T11:45:06.238Z] <<< [apiv2][status] GET https://www.gstatic.com/firebasejs/releases.json 200
[debug] [2021-02-12T11:45:06.238Z] <<< [apiv2][body] GET https://www.gstatic.com/firebasejs/releases.json {"current":{"version":"8.2.7","browserURL":"https://www.gstatic.com/firebasejs/8.2.7/firebase.js","packageURL":"https://www.gstatic.com/firebasejs/8.2.7/firebase.tgz"},"live":{"version":"8.2","browserURL":"https://www.gstatic.com/firebasejs/live/8.2/firebase.js","packageURL":"https://www.gstatic.com/firebasejs/live/8.2/firebase.tgz"},"components":{"analytics":"https://www.gstatic.com/firebasejs/8.2.7/firebase-analytics.js","app":"https://www.gstatic.com/firebasejs/8.2.7/firebase-app.js","auth":"https://www.gstatic.com/firebasejs/8.2.7/firebase-auth.js","database":"https://www.gstatic.com/firebasejs/8.2.7/firebase-database.js","firestore":"https://www.gstatic.com/firebasejs/8.2.7/firebase-firestore.js","functions":"https://www.gstatic.com/firebasejs/8.2.7/firebase-functions.js","installations":"https://www.gstatic.com/firebasejs/8.2.7/firebase-installations.js","messaging":"https://www.gstatic.com/firebasejs/8.2.7/firebase-messaging.js","storage":"https://www.gstatic.com/firebasejs/8.2.7/firebase-storage.js","performance":"https://www.gstatic.com/firebasejs/8.2.7/firebase-performance.js","remote-config":"https://www.gstatic.com/firebasejs/8.2.7/firebase-remote-config.js","firestore.memory":"https://www.gstatic.com/firebasejs/8.2.7/firebase-firestore.memory.js"}}
[info] i  Skipping write of public/index.html 
[info] 
[info] i  Detected a .git folder at /Users/vaskotraikovski/projects/medium/2021-02_Build-a-todo-app-using-firebase-react_typescript/todo-firebase2/todo-fb2 
[info] i  Authorizing with GitHub to upload your service account to a GitHub repository's secrets store. 
[info] 
[info] Visit this URL on this device to log in:
[info] https://github.com/login/oauth/authorize?client_id=89cf50f02ac6aaed3484&state=284859750&redirect_uri=http%3A%2F%2Flocalhost%3A9005&scope=read%3Auser%20repo%20public_repo
[info] 
[info] Waiting for authentication...
[debug] [2021-02-12T11:47:20.503Z] >>> HTTP REQUEST POST https://github.com/login/oauth/access_token  
 {"client_id":"89cf50f02ac6aaed3484","client_secret":"3330d14abc895d9a74d5f17cd7a00711fa2c5bf0","code":"e55d0ff2ea8aff36d66a","redirect_uri":"http://localhost:9005","state":"284859750"}
[debug] [2021-02-12T11:47:20.830Z] <<< HTTP RESPONSE 200 {"date":"Fri, 12 Feb 2021 11:47:20 GMT","content-type":"application/json; charset=utf-8","transfer-encoding":"chunked","server":"GitHub.com","vary":"X-PJAX, Accept-Encoding, Accept, X-Requested-With, Accept-Encoding","etag":"W/\"2dad63c89dfcf2d55eb2d2bfe02ce9cb\"","cache-control":"max-age=0, private, must-revalidate","strict-transport-security":"max-age=31536000; includeSubdomains; preload","x-frame-options":"deny","x-content-type-options":"nosniff","x-xss-protection":"1; mode=block","referrer-policy":"origin-when-cross-origin, strict-origin-when-cross-origin","expect-ct":"max-age=2592000, report-uri=\"https://api.github.com/_private/browser/errors\"","content-security-policy":"default-src 'none'; base-uri 'self'; block-all-mixed-content; connect-src 'self' uploads.github.com www.githubstatus.com collector.githubapp.com api.github.com github-cloud.s3.amazonaws.com github-production-repository-file-5c1aeb.s3.amazonaws.com github-production-upload-manifest-file-7fdce7.s3.amazonaws.com github-production-user-asset-6210df.s3.amazonaws.com cdn.optimizely.com logx.optimizely.com/v1/events wss://alive.github.com; font-src github.githubassets.com; form-action 'self' github.com gist.github.com; frame-ancestors 'none'; frame-src render.githubusercontent.com; img-src 'self' data: github.githubassets.com identicons.github.com collector.githubapp.com github-cloud.s3.amazonaws.com user-images.githubusercontent.com/ *.githubusercontent.com; manifest-src 'self'; media-src 'none'; script-src github.githubassets.com; style-src 'unsafe-inline' github.githubassets.com; worker-src github.com/socket-worker-5029ae85.js gist.github.com/socket-worker-5029ae85.js","x-github-request-id":"E9D1:7AE6:23A48B:2AE04D:60266AC8"}
[debug] [2021-02-12T11:47:20.831Z] >>> [apiv2][query] GET https://api.github.com/user [none]
[debug] [2021-02-12T11:47:21.170Z] <<< [apiv2][status] GET https://api.github.com/user 200
[debug] [2021-02-12T11:47:21.170Z] <<< [apiv2][body] GET https://api.github.com/user {"login":"vast-coding","id":73918918,"node_id":"MDQ6VXNlcjczOTE4OTE4","avatar_url":"https://avatars.githubusercontent.com/u/73918918?v=4","gravatar_id":"","url":"https://api.github.com/users/vast-coding","html_url":"https://github.com/vast-coding","followers_url":"https://api.github.com/users/vast-coding/followers","following_url":"https://api.github.com/users/vast-coding/following{/other_user}","gists_url":"https://api.github.com/users/vast-coding/gists{/gist_id}","starred_url":"https://api.github.com/users/vast-coding/starred{/owner}{/repo}","subscriptions_url":"https://api.github.com/users/vast-coding/subscriptions","organizations_url":"https://api.github.com/users/vast-coding/orgs","repos_url":"https://api.github.com/users/vast-coding/repos","events_url":"https://api.github.com/users/vast-coding/events{/privacy}","received_events_url":"https://api.github.com/users/vast-coding/received_events","type":"User","site_admin":false,"name":null,"company":null,"blog":"","location":"Melbourne","email":null,"hireable":null,"bio":null,"twitter_username":null,"public_repos":5,"public_gists":0,"followers":0,"following":0,"created_at":"2020-11-04T01:15:35Z","updated_at":"2021-02-12T11:47:19Z","private_gists":0,"total_private_repos":1,"owned_private_repos":1,"disk_usage":921,"collaborators":0,"two_factor_authentication":false,"plan":{"name":"free","space":976562499,"collaborators":0,"private_repos":10000}}
[info] 
[info] ✔  Success! Logged into GitHub as vast-coding 
[info] 
